  RPG.cpp
C:\Users\s258049\source\repos\Visual-Studio-2022-Projects-AIE\InsertRPGNameHere\RPG.h(33,51): warning C4244: 'initializing': conversion from 'int' to 'float', possible loss of data
  (compiling source file 'RPG.cpp')
  
C:\Users\s258049\source\repos\Visual-Studio-2022-Projects-AIE\InsertRPGNameHere\RPG.cpp(37,41): warning C4244: 'argument': conversion from 'double' to 'int', possible loss of data
C:\Users\s258049\source\repos\Visual-Studio-2022-Projects-AIE\InsertRPGNameHere\RPG.cpp(228,9): warning C4244: 'return': conversion from 'float' to 'int', possible loss of data
C:\Users\s258049\source\repos\Visual-Studio-2022-Projects-AIE\InsertRPGNameHere\RPG.cpp(236,16): warning C4244: 'return': conversion from 'float' to 'int', possible loss of data
C:\Users\s258049\source\repos\Visual-Studio-2022-Projects-AIE\InsertRPGNameHere\RPG.cpp(240,10): warning C4244: 'return': conversion from 'float' to 'int', possible loss of data
C:\Users\s258049\source\repos\Visual-Studio-2022-Projects-AIE\InsertRPGNameHere\RPG.cpp(259,26): warning C4244: 'argument': conversion from 'int' to 'float', possible loss of data
C:\Users\s258049\source\repos\Visual-Studio-2022-Projects-AIE\InsertRPGNameHere\RPG.cpp(259,19): warning C4244: 'argument': conversion from 'int' to 'float', possible loss of data
C:\Users\s258049\source\repos\Visual-Studio-2022-Projects-AIE\InsertRPGNameHere\RPG.cpp(400,12): warning C4553: '==': result of expression not used; did you intend '='?
C:\Users\s258049\source\repos\Visual-Studio-2022-Projects-AIE\InsertRPGNameHere\RPG.cpp(408,54): warning C4244: 'argument': conversion from 'float' to 'int', possible loss of data
C:\Users\s258049\source\repos\Visual-Studio-2022-Projects-AIE\InsertRPGNameHere\RPG.cpp(409,19): warning C4244: 'argument': conversion from 'float' to 'int', possible loss of data
C:\Users\s258049\source\repos\Visual-Studio-2022-Projects-AIE\InsertRPGNameHere\RPG.cpp(525,12): warning C4553: '==': result of expression not used; did you intend '='?
C:\Users\s258049\source\repos\Visual-Studio-2022-Projects-AIE\InsertRPGNameHere\RPG.cpp(533,85): warning C4244: 'argument': conversion from 'float' to 'int', possible loss of data
C:\Users\s258049\source\repos\Visual-Studio-2022-Projects-AIE\InsertRPGNameHere\RPG.cpp(534,19): warning C4244: 'argument': conversion from 'float' to 'int', possible loss of data
C:\Users\s258049\source\repos\Visual-Studio-2022-Projects-AIE\InsertRPGNameHere\RPG.cpp(551,19): warning C4244: 'argument': conversion from 'float' to 'int', possible loss of data
C:\Users\s258049\source\repos\Visual-Studio-2022-Projects-AIE\InsertRPGNameHere\RPG.cpp(648,17): warning C4244: 'argument': conversion from 'int' to 'float', possible loss of data
C:\Users\s258049\source\repos\Visual-Studio-2022-Projects-AIE\InsertRPGNameHere\RPG.cpp(872,12): warning C4244: 'argument': conversion from 'time_t' to 'unsigned int', possible loss of data
C:\Users\s258049\source\repos\Visual-Studio-2022-Projects-AIE\InsertRPGNameHere\RPG.cpp(873,12): warning C4244: 'argument': conversion from 'time_t' to 'unsigned int', possible loss of data
  InsertRPGNameHere.vcxproj -> C:\Users\s258049\source\repos\Visual-Studio-2022-Projects-AIE\InsertRPGNameHere\x64\Debug\InsertRPGNameHere.exe
